<?xml version="1.0" encoding="UTF-8"?>
<!-- Generated by org.testng.reporters.JUnitReportReporter -->
<testsuite skipped="0" hostname="RAHMAN" name="com.crm.qa.testcases.LoginPageTest" tests="1" failures="0" timestamp="11 Apr 2020 23:21:25 GMT" time="11.747" errors="0">
  <testcase name="loginTest" time="11.747" classname="com.crm.qa.testcases.LoginPageTest"/>
</testsuite> <!-- com.crm.qa.testcases.LoginPageTest -->
