<?xml version="1.0" encoding="UTF-8"?>
<!-- Generated by org.testng.reporters.JUnitReportReporter -->
<testsuite skipped="0" hostname="RAHMAN" name="com.crm.qa.testcases.HomePageTest" tests="3" failures="0" timestamp="12 Apr 2020 00:30:34 GMT" time="77.665" errors="0">
  <testcase name="verifyHomePageTitleTest" time="10.759" classname="com.crm.qa.testcases.HomePageTest"/>
  <testcase name="verifyUserNameTest" time="32.300" classname="com.crm.qa.testcases.HomePageTest"/>
  <testcase name="verifyContactsLinkTest" time="34.606" classname="com.crm.qa.testcases.HomePageTest"/>
</testsuite> <!-- com.crm.qa.testcases.HomePageTest -->
